2024-11-12 17:41:31.601 [main] DEBUG com.itis.volterra.classe5a.busanellor.Main - 10472907261735008501 11873270979749488271
2024-11-12 17:41:31.602 [main] DEBUG com.itis.volterra.classe5a.busanellor.Main - 124347665864365954779182708460584791771
2024-11-12 17:41:31.603 [main] DEBUG com.itis.volterra.classe5a.busanellor.Main - 124347665864365954756836530219100295000
2024-11-12 17:41:31.603 [main] DEBUG com.itis.volterra.classe5a.busanellor.Main - Esponente di cifratura (e): 39233
2024-11-12 17:41:31.604 [main] DEBUG com.itis.volterra.classe5a.busanellor.Main - 39233
2024-11-12 17:41:31.604 [main] DEBUG com.itis.volterra.classe5a.busanellor.Main - 35428292739068708543112143725667246897
2024-11-12 17:41:31.606 [main] INFO  com.itis.volterra.classe5a.busanellor.Main - Choose to encrypt or decrypt
2024-11-12 17:41:31.606 [main] INFO  com.itis.volterra.classe5a.busanellor.Main - 1) Encrypt
2024-11-12 17:41:31.606 [main] INFO  com.itis.volterra.classe5a.busanellor.Main - 2) Decrypt
2024-11-12 17:41:34.946 [main] DEBUG com.itis.volterra.classe5a.busanellor.Main - [ciaoo]
2024-11-12 17:41:34.948 [main] INFO  com.itis.volterra.classe5a.busanellor.Main - Encrypted message: 52707055510975387510276099500539114673 49460757235530712526234716630354389336 17742777037233501280823388194269734312 76695356190779774504638276447078477636 76695356190779774504638276447078477636 

2024-11-12 17:41:34.951 [main] INFO  com.itis.volterra.classe5a.busanellor.Main - Plain message: ciaoo
2024-11-12 17:42:18.632 [main] DEBUG com.itis.volterra.classe5a.busanellor.Main - 17332771156458911213 13787010881196223607
2024-11-12 17:42:18.633 [main] DEBUG com.itis.volterra.classe5a.busanellor.Main - 238967104535383061198669837558507605291
2024-11-12 17:42:18.633 [main] DEBUG com.itis.volterra.classe5a.busanellor.Main - 238967104535383061167550055520852470472
2024-11-12 17:42:18.634 [main] DEBUG com.itis.volterra.classe5a.busanellor.Main - Esponente di cifratura (e): 48857
2024-11-12 17:42:18.634 [main] DEBUG com.itis.volterra.classe5a.busanellor.Main - 48857
2024-11-12 17:42:18.635 [main] DEBUG com.itis.volterra.classe5a.busanellor.Main - 33298975534250729279912413328406648361
2024-11-12 17:42:18.636 [main] INFO  com.itis.volterra.classe5a.busanellor.Main - Choose to encrypt or decrypt
2024-11-12 17:42:18.636 [main] INFO  com.itis.volterra.classe5a.busanellor.Main - 1) Encrypt
2024-11-12 17:42:18.636 [main] INFO  com.itis.volterra.classe5a.busanellor.Main - 2) Decrypt
2024-11-12 17:42:22.652 [main] ERROR com.itis.volterra.classe5a.busanellor.Main - File plainMessage2.txt not found, try again
2024-11-12 17:44:22.486 [main] DEBUG com.itis.volterra.classe5a.busanellor.Main - 15417735857883108721 17989913200692318199
2024-11-12 17:44:22.489 [main] DEBUG com.itis.volterra.classe5a.busanellor.Main - 277363729834518640758740370982243913479
2024-11-12 17:44:22.489 [main] DEBUG com.itis.volterra.classe5a.busanellor.Main - 277363729834518640725332721923668486560
2024-11-12 17:44:22.489 [main] DEBUG com.itis.volterra.classe5a.busanellor.Main - Esponente di cifratura (e): 64891
2024-11-12 17:44:22.490 [main] DEBUG com.itis.volterra.classe5a.busanellor.Main - 64891
2024-11-12 17:44:22.490 [main] DEBUG com.itis.volterra.classe5a.busanellor.Main - 232120243368007417102986836337654541171
2024-11-12 17:44:22.491 [main] INFO  com.itis.volterra.classe5a.busanellor.Main - Choose to encrypt or decrypt
2024-11-12 17:44:22.491 [main] INFO  com.itis.volterra.classe5a.busanellor.Main - 1) Encrypt
2024-11-12 17:44:22.491 [main] INFO  com.itis.volterra.classe5a.busanellor.Main - 2) Decrypt
2024-11-12 17:44:28.598 [main] DEBUG com.itis.volterra.classe5a.busanellor.Main - [ciaoo]
2024-11-12 17:44:28.600 [main] INFO  com.itis.volterra.classe5a.busanellor.Main - Encrypted message: 125529792152861799200149909001173359458 204575352853795439591107228221648949260 162528539321970931571507672302464546795 225505267631710902226045281377262281535 225505267631710902226045281377262281535 

2024-11-12 17:44:28.603 [main] INFO  com.itis.volterra.classe5a.busanellor.Main - Plain message: ciaoo
2024-11-12 17:45:03.886 [main] DEBUG com.itis.volterra.classe5a.busanellor.Main - 16264277476456266919 11468281258774463831
2024-11-12 17:45:03.887 [main] DEBUG com.itis.volterra.classe5a.busanellor.Main - 186523308570751036806676436884047306689
2024-11-12 17:45:03.887 [main] DEBUG com.itis.volterra.classe5a.busanellor.Main - 186523308570751036778943878148816575940
2024-11-12 17:45:03.889 [main] DEBUG com.itis.volterra.classe5a.busanellor.Main - Esponente di cifratura (e): 45127
2024-11-12 17:45:03.889 [main] DEBUG com.itis.volterra.classe5a.busanellor.Main - 45127
2024-11-12 17:45:03.890 [main] DEBUG com.itis.volterra.classe5a.busanellor.Main - 62127592153853764571637942527862741883
2024-11-12 17:45:03.891 [main] INFO  com.itis.volterra.classe5a.busanellor.Main - Choose to encrypt or decrypt
2024-11-12 17:45:03.891 [main] INFO  com.itis.volterra.classe5a.busanellor.Main - 1) Encrypt
2024-11-12 17:45:03.891 [main] INFO  com.itis.volterra.classe5a.busanellor.Main - 2) Decrypt
2024-11-12 17:45:07.364 [main] DEBUG com.itis.volterra.classe5a.busanellor.Main - [ciaoo]
2024-11-12 17:45:07.366 [main] INFO  com.itis.volterra.classe5a.busanellor.Main - Encrypted message: 46042163457775076725720200081016480635 30319373242911453335331429203655832714 89535205756348900982708708415823127315 173987333406867957007519261407151233749 173987333406867957007519261407151233749 

2024-11-12 17:45:07.370 [main] INFO  com.itis.volterra.classe5a.busanellor.Main - Plain message: ciaoo
2024-11-12 17:47:53.270 [main] DEBUG com.itis.volterra.classe5a.busanellor.Main - 13850266442764172371 10071751464244967587
2024-11-12 17:47:53.271 [main] DEBUG com.itis.volterra.classe5a.busanellor.Main - 139496441325092991634158614059775938777
2024-11-12 17:47:53.271 [main] DEBUG com.itis.volterra.classe5a.busanellor.Main - 139496441325092991610236596152766798820
2024-11-12 17:47:53.272 [main] DEBUG com.itis.volterra.classe5a.busanellor.Main - Esponente di cifratura (e): 49891
2024-11-12 17:47:53.272 [main] DEBUG com.itis.volterra.classe5a.busanellor.Main - 49891
2024-11-12 17:47:53.274 [main] DEBUG com.itis.volterra.classe5a.busanellor.Main - 122340037084432940768994453201264983311
2024-11-12 17:47:53.275 [main] INFO  com.itis.volterra.classe5a.busanellor.Main - Choose to encrypt or decrypt
2024-11-12 17:47:53.275 [main] INFO  com.itis.volterra.classe5a.busanellor.Main - 1) Encrypt
2024-11-12 17:47:53.275 [main] INFO  com.itis.volterra.classe5a.busanellor.Main - 2) Decrypt
2024-11-12 17:47:56.002 [main] DEBUG com.itis.volterra.classe5a.busanellor.Main - [ciaoo]
2024-11-12 17:47:56.005 [main] INFO  com.itis.volterra.classe5a.busanellor.Main - Encrypted message: 130417944470890076127207800894851006027 21351272499043280684614429730573028447 38029332653861851383034225903906194427 117397603963088286768752772817856257989 117397603963088286768752772817856257989 

2024-11-12 17:47:56.010 [main] INFO  com.itis.volterra.classe5a.busanellor.Main - Plain message: ciaoo
2024-11-12 17:48:15.161 [main] DEBUG com.itis.volterra.classe5a.busanellor.Main - 11619366597767230889 14013653100093396689
2024-11-12 17:48:15.162 [main] DEBUG com.itis.volterra.classe5a.busanellor.Main - 162829772743922418594559260057731126521
2024-11-12 17:48:15.162 [main] DEBUG com.itis.volterra.classe5a.busanellor.Main - 162829772743922418568926240359870498944
2024-11-12 17:48:15.163 [main] DEBUG com.itis.volterra.classe5a.busanellor.Main - Esponente di cifratura (e): 43969
2024-11-12 17:48:15.163 [main] DEBUG com.itis.volterra.classe5a.busanellor.Main - 43969
2024-11-12 17:48:15.164 [main] DEBUG com.itis.volterra.classe5a.busanellor.Main - 69406982209433782183329518452197977921
2024-11-12 17:48:15.165 [main] INFO  com.itis.volterra.classe5a.busanellor.Main - Choose to encrypt or decrypt
2024-11-12 17:48:15.165 [main] INFO  com.itis.volterra.classe5a.busanellor.Main - 1) Encrypt
2024-11-12 17:48:15.166 [main] INFO  com.itis.volterra.classe5a.busanellor.Main - 2) Decrypt
2024-11-12 17:48:17.882 [main] DEBUG com.itis.volterra.classe5a.busanellor.Main - [ciaoo]
2024-11-12 17:48:17.884 [main] INFO  com.itis.volterra.classe5a.busanellor.Main - Encrypted message: 148305198357558223981475670811785990103 77671483066155089126628985925579190861 43442783487287138283494765002923053459 46300725858798092128723311382297885561 46300725858798092128723311382297885561 

2024-11-12 17:48:17.889 [main] INFO  com.itis.volterra.classe5a.busanellor.Main - Plain message: ciaoo
2024-11-12 17:59:48.908 [main] INFO  com.itis.volterra.classe5a.busanellor.Main - Choose to encrypt or decrypt
2024-11-12 17:59:48.909 [main] INFO  com.itis.volterra.classe5a.busanellor.Main - 1) Encrypt
2024-11-12 17:59:48.909 [main] INFO  com.itis.volterra.classe5a.busanellor.Main - 2) Decrypt
2024-11-12 17:59:52.910 [main] DEBUG com.itis.volterra.classe5a.busanellor.Main - [69406982209433782183329518452197977921 162829772743922418594559260057731126521]
2024-11-12 17:59:52.913 [main] DEBUG com.itis.volterra.classe5a.busanellor.Main - [69406982209433782183329518452197977921 162829772743922418594559260057731126521, 148305198357558223981475670811785990103 77671483066155089126628985925579190861 43442783487287138283494765002923053459 46300725858798092128723311382297885561 46300725858798092128723311382297885561]
2024-11-12 18:04:19.093 [main] INFO  com.itis.volterra.classe5a.busanellor.Main - Choose to encrypt or decrypt
2024-11-12 18:04:19.094 [main] INFO  com.itis.volterra.classe5a.busanellor.Main - 1) Encrypt
2024-11-12 18:04:19.094 [main] INFO  com.itis.volterra.classe5a.busanellor.Main - 2) Decrypt
2024-11-12 18:04:21.774 [main] DEBUG com.itis.volterra.classe5a.busanellor.Main - 10443604559096285789 17827091913886265977
2024-11-12 18:04:21.775 [main] DEBUG com.itis.volterra.classe5a.busanellor.Main - 186179098387291138375387848318859300853
2024-11-12 18:04:21.775 [main] DEBUG com.itis.volterra.classe5a.busanellor.Main - 186179098387291138347117151845876749088
2024-11-12 18:04:21.776 [main] DEBUG com.itis.volterra.classe5a.busanellor.RSA - Esponente di cifratura (e): 49891
2024-11-12 18:04:21.777 [main] DEBUG com.itis.volterra.classe5a.busanellor.Main - 49891
2024-11-12 18:04:21.777 [main] DEBUG com.itis.volterra.classe5a.busanellor.Main - 15311235306629563260672699966399396715
2024-11-12 18:04:21.779 [main] DEBUG com.itis.volterra.classe5a.busanellor.RSA - [ciaoo]
2024-11-12 18:04:21.779 [main] INFO  com.itis.volterra.classe5a.busanellor.Main - Encrypted message: 102531202811210778455447626273687229536 156361598012453328762477513544228149121 2319400315285819069395366188490142033 177139733445620520220960611444991869336 177139733445620520220960611444991869336 

2024-11-12 18:09:31.798 [main] INFO  com.itis.volterra.classe5a.busanellor.Main - Choose to encrypt or decrypt
2024-11-12 18:09:31.799 [main] INFO  com.itis.volterra.classe5a.busanellor.Main - 1) Encrypt
2024-11-12 18:09:31.799 [main] INFO  com.itis.volterra.classe5a.busanellor.Main - 2) Decrypt
2024-11-12 18:09:36.103 [main] DEBUG com.itis.volterra.classe5a.busanellor.Main - 17852192592424077059 13577915437505413901
2024-11-12 18:09:36.105 [main] DEBUG com.itis.volterra.classe5a.busanellor.Main - 242395561393994671449414015615713797159
2024-11-12 18:09:36.105 [main] DEBUG com.itis.volterra.classe5a.busanellor.Main - 242395561393994671417983907585784306200
2024-11-12 18:09:36.106 [main] DEBUG com.itis.volterra.classe5a.busanellor.RSA - e: 44711
2024-11-12 18:09:36.106 [main] DEBUG com.itis.volterra.classe5a.busanellor.Main - 44711
2024-11-12 18:09:36.107 [main] DEBUG com.itis.volterra.classe5a.busanellor.Main - 210620821725228534020457489425593708391
2024-11-12 18:09:36.108 [main] DEBUG com.itis.volterra.classe5a.busanellor.RSA - [ciao]
2024-11-12 18:09:36.108 [main] DEBUG com.itis.volterra.classe5a.busanellor.RSA - [ciao, ciao]
2024-11-12 18:09:36.109 [main] INFO  com.itis.volterra.classe5a.busanellor.Main - Encrypted message: 218308096643536287637346963352480542446 134157977617452768348541592794777130610 41915592212536491001519466467549729287 135544079085853009390328229632977445383 
218308096643536287637346963352480542446 134157977617452768348541592794777130610 41915592212536491001519466467549729287 135544079085853009390328229632977445383 

2024-11-12 18:09:55.906 [main] INFO  com.itis.volterra.classe5a.busanellor.Main - Choose to encrypt or decrypt
2024-11-12 18:09:55.907 [main] INFO  com.itis.volterra.classe5a.busanellor.Main - 1) Encrypt
2024-11-12 18:09:55.907 [main] INFO  com.itis.volterra.classe5a.busanellor.Main - 2) Decrypt
2024-11-12 18:09:58.945 [main] DEBUG com.itis.volterra.classe5a.busanellor.RSA - [210620821725228534020457489425593708391 242395561393994671449414015615713797159]
2024-11-12 18:09:58.945 [main] DEBUG com.itis.volterra.classe5a.busanellor.RSA - [210620821725228534020457489425593708391 242395561393994671449414015615713797159, 218308096643536287637346963352480542446 134157977617452768348541592794777130610 41915592212536491001519466467549729287 135544079085853009390328229632977445383 ]
2024-11-12 18:09:58.946 [main] DEBUG com.itis.volterra.classe5a.busanellor.RSA - [210620821725228534020457489425593708391 242395561393994671449414015615713797159, 218308096643536287637346963352480542446 134157977617452768348541592794777130610 41915592212536491001519466467549729287 135544079085853009390328229632977445383 , 218308096643536287637346963352480542446 134157977617452768348541592794777130610 41915592212536491001519466467549729287 135544079085853009390328229632977445383 ]
2024-11-12 18:09:58.946 [main] DEBUG com.itis.volterra.classe5a.busanellor.RSA - [210620821725228534020457489425593708391 242395561393994671449414015615713797159, 218308096643536287637346963352480542446 134157977617452768348541592794777130610 41915592212536491001519466467549729287 135544079085853009390328229632977445383 , 218308096643536287637346963352480542446 134157977617452768348541592794777130610 41915592212536491001519466467549729287 135544079085853009390328229632977445383 , ]
2024-11-12 18:12:03.264 [main] INFO  com.itis.volterra.classe5a.busanellor.Main - Choose to encrypt or decrypt
2024-11-12 18:12:03.265 [main] INFO  com.itis.volterra.classe5a.busanellor.Main - 1) Encrypt
2024-11-12 18:12:03.265 [main] INFO  com.itis.volterra.classe5a.busanellor.Main - 2) Decrypt
2024-11-12 18:12:06.640 [main] DEBUG com.itis.volterra.classe5a.busanellor.RSA - [210620821725228534020457489425593708391 242395561393994671449414015615713797159]
2024-11-12 18:12:06.640 [main] DEBUG com.itis.volterra.classe5a.busanellor.RSA - [210620821725228534020457489425593708391 242395561393994671449414015615713797159, 218308096643536287637346963352480542446 134157977617452768348541592794777130610 41915592212536491001519466467549729287 135544079085853009390328229632977445383 ]
2024-11-12 18:12:06.641 [main] DEBUG com.itis.volterra.classe5a.busanellor.RSA - [210620821725228534020457489425593708391 242395561393994671449414015615713797159, 218308096643536287637346963352480542446 134157977617452768348541592794777130610 41915592212536491001519466467549729287 135544079085853009390328229632977445383 , 218308096643536287637346963352480542446 134157977617452768348541592794777130610 41915592212536491001519466467549729287 135544079085853009390328229632977445383 ]
2024-11-12 18:12:06.641 [main] DEBUG com.itis.volterra.classe5a.busanellor.RSA - [210620821725228534020457489425593708391 242395561393994671449414015615713797159, 218308096643536287637346963352480542446 134157977617452768348541592794777130610 41915592212536491001519466467549729287 135544079085853009390328229632977445383 , 218308096643536287637346963352480542446 134157977617452768348541592794777130610 41915592212536491001519466467549729287 135544079085853009390328229632977445383 , ]
2024-11-12 18:12:46.250 [main] INFO  com.itis.volterra.classe5a.busanellor.Main - Choose to encrypt or decrypt
2024-11-12 18:12:46.251 [main] INFO  com.itis.volterra.classe5a.busanellor.Main - 1) Encrypt
2024-11-12 18:12:46.251 [main] INFO  com.itis.volterra.classe5a.busanellor.Main - 2) Decrypt
2024-11-12 18:12:49.591 [main] DEBUG com.itis.volterra.classe5a.busanellor.RSA - [210620821725228534020457489425593708391 242395561393994671449414015615713797159]
2024-11-12 18:12:49.592 [main] DEBUG com.itis.volterra.classe5a.busanellor.RSA - [210620821725228534020457489425593708391 242395561393994671449414015615713797159, 218308096643536287637346963352480542446 134157977617452768348541592794777130610 41915592212536491001519466467549729287 135544079085853009390328229632977445383 ]
2024-11-12 18:12:49.592 [main] DEBUG com.itis.volterra.classe5a.busanellor.RSA - [210620821725228534020457489425593708391 242395561393994671449414015615713797159, 218308096643536287637346963352480542446 134157977617452768348541592794777130610 41915592212536491001519466467549729287 135544079085853009390328229632977445383 , 218308096643536287637346963352480542446 134157977617452768348541592794777130610 41915592212536491001519466467549729287 135544079085853009390328229632977445383 ]
2024-11-12 18:12:49.592 [main] DEBUG com.itis.volterra.classe5a.busanellor.RSA - [210620821725228534020457489425593708391 242395561393994671449414015615713797159, 218308096643536287637346963352480542446 134157977617452768348541592794777130610 41915592212536491001519466467549729287 135544079085853009390328229632977445383 , 218308096643536287637346963352480542446 134157977617452768348541592794777130610 41915592212536491001519466467549729287 135544079085853009390328229632977445383 , ]
2024-11-12 18:13:13.938 [main] INFO  com.itis.volterra.classe5a.busanellor.Main - Choose to encrypt or decrypt
2024-11-12 18:13:13.938 [main] INFO  com.itis.volterra.classe5a.busanellor.Main - 1) Encrypt
2024-11-12 18:13:13.939 [main] INFO  com.itis.volterra.classe5a.busanellor.Main - 2) Decrypt
2024-11-12 18:13:15.944 [main] DEBUG com.itis.volterra.classe5a.busanellor.RSA - [210620821725228534020457489425593708391 242395561393994671449414015615713797159]
2024-11-12 18:13:15.945 [main] DEBUG com.itis.volterra.classe5a.busanellor.RSA - [210620821725228534020457489425593708391 242395561393994671449414015615713797159, 218308096643536287637346963352480542446 134157977617452768348541592794777130610 41915592212536491001519466467549729287 135544079085853009390328229632977445383 ]
2024-11-12 18:13:15.945 [main] DEBUG com.itis.volterra.classe5a.busanellor.RSA - [210620821725228534020457489425593708391 242395561393994671449414015615713797159, 218308096643536287637346963352480542446 134157977617452768348541592794777130610 41915592212536491001519466467549729287 135544079085853009390328229632977445383 , 218308096643536287637346963352480542446 134157977617452768348541592794777130610 41915592212536491001519466467549729287 135544079085853009390328229632977445383 ]
2024-11-12 18:13:15.946 [main] DEBUG com.itis.volterra.classe5a.busanellor.RSA - [210620821725228534020457489425593708391 242395561393994671449414015615713797159, 218308096643536287637346963352480542446 134157977617452768348541592794777130610 41915592212536491001519466467549729287 135544079085853009390328229632977445383 , 218308096643536287637346963352480542446 134157977617452768348541592794777130610 41915592212536491001519466467549729287 135544079085853009390328229632977445383 , ]
2024-11-12 18:17:00.684 [main] INFO  com.itis.volterra.classe5a.busanellor.Main - Choose to encrypt or decrypt
2024-11-12 18:17:00.685 [main] INFO  com.itis.volterra.classe5a.busanellor.Main - 1) Encrypt
2024-11-12 18:17:00.685 [main] INFO  com.itis.volterra.classe5a.busanellor.Main - 2) Decrypt
2024-11-12 18:17:03.078 [main] DEBUG com.itis.volterra.classe5a.busanellor.RSA - [210620821725228534020457489425593708391 242395561393994671449414015615713797159]
2024-11-12 18:17:03.078 [main] DEBUG com.itis.volterra.classe5a.busanellor.RSA - [210620821725228534020457489425593708391 242395561393994671449414015615713797159, 218308096643536287637346963352480542446 134157977617452768348541592794777130610 41915592212536491001519466467549729287 135544079085853009390328229632977445383 ]
2024-11-12 18:17:03.079 [main] DEBUG com.itis.volterra.classe5a.busanellor.RSA - [210620821725228534020457489425593708391 242395561393994671449414015615713797159, 218308096643536287637346963352480542446 134157977617452768348541592794777130610 41915592212536491001519466467549729287 135544079085853009390328229632977445383 , 218308096643536287637346963352480542446 134157977617452768348541592794777130610 41915592212536491001519466467549729287 135544079085853009390328229632977445383 ]
2024-11-12 18:17:03.079 [main] DEBUG com.itis.volterra.classe5a.busanellor.RSA - [210620821725228534020457489425593708391 242395561393994671449414015615713797159, 218308096643536287637346963352480542446 134157977617452768348541592794777130610 41915592212536491001519466467549729287 135544079085853009390328229632977445383 , 218308096643536287637346963352480542446 134157977617452768348541592794777130610 41915592212536491001519466467549729287 135544079085853009390328229632977445383 , ]
2024-11-12 18:17:46.528 [main] INFO  com.itis.volterra.classe5a.busanellor.Main - Choose to encrypt or decrypt
2024-11-12 18:17:46.529 [main] INFO  com.itis.volterra.classe5a.busanellor.Main - 1) Encrypt
2024-11-12 18:17:46.529 [main] INFO  com.itis.volterra.classe5a.busanellor.Main - 2) Decrypt
2024-11-12 18:17:49.517 [main] DEBUG com.itis.volterra.classe5a.busanellor.Main - 15444858978785695489 10842225480221009687
2024-11-12 18:17:49.518 [main] DEBUG com.itis.volterra.classe5a.busanellor.Main - 167456643558210510539017425920101201943
2024-11-12 18:17:49.518 [main] DEBUG com.itis.volterra.classe5a.busanellor.Main - 167456643558210510512730341461094496768
2024-11-12 18:17:49.519 [main] DEBUG com.itis.volterra.classe5a.busanellor.RSA - e: 43651
2024-11-12 18:17:49.519 [main] DEBUG com.itis.volterra.classe5a.busanellor.Main - 43651
2024-11-12 18:17:49.520 [main] DEBUG com.itis.volterra.classe5a.busanellor.Main - 121444525099591535848010456109456106027
2024-11-12 18:17:49.521 [main] DEBUG com.itis.volterra.classe5a.busanellor.RSA - [buonasera a tutti io sono carlo]
2024-11-12 18:17:49.521 [main] DEBUG com.itis.volterra.classe5a.busanellor.RSA - [buonasera a tutti io sono carlo, sainz]
2024-11-12 18:17:49.523 [main] INFO  com.itis.volterra.classe5a.busanellor.Main - Encrypted message: 45212704807684403718529253980146881618 4203042224370802388630498106742015835 123230422500652081508069619287940700466 133648953484532540159357005313615511682 2580115466970052377824413779761793777 84588530839763186402477802478646025540 51833963508535397449459981621271636100 132026771153464214481845140993146911102 2580115466970052377824413779761793777 119960692178130992651650641396610077611 2580115466970052377824413779761793777 119960692178130992651650641396610077611 2549148108664511025786942598993263810 4203042224370802388630498106742015835 2549148108664511025786942598993263810 2549148108664511025786942598993263810 111712328773468706068526138845079932239 119960692178130992651650641396610077611 111712328773468706068526138845079932239 123230422500652081508069619287940700466 119960692178130992651650641396610077611 84588530839763186402477802478646025540 123230422500652081508069619287940700466 133648953484532540159357005313615511682 123230422500652081508069619287940700466 119960692178130992651650641396610077611 30297096562662134881673648756922558347 2580115466970052377824413779761793777 132026771153464214481845140993146911102 92908802764493599118687281580659261558 123230422500652081508069619287940700466 
84588530839763186402477802478646025540 2580115466970052377824413779761793777 111712328773468706068526138845079932239 133648953484532540159357005313615511682 120911801319481306701945528089799567554 

2024-11-12 18:18:06.178 [main] INFO  com.itis.volterra.classe5a.busanellor.Main - Choose to encrypt or decrypt
2024-11-12 18:18:06.180 [main] INFO  com.itis.volterra.classe5a.busanellor.Main - 1) Encrypt
2024-11-12 18:18:06.180 [main] INFO  com.itis.volterra.classe5a.busanellor.Main - 2) Decrypt
2024-11-12 18:18:10.717 [main] DEBUG com.itis.volterra.classe5a.busanellor.RSA - [121444525099591535848010456109456106027 167456643558210510539017425920101201943]
2024-11-12 18:18:10.721 [main] DEBUG com.itis.volterra.classe5a.busanellor.RSA - [121444525099591535848010456109456106027 167456643558210510539017425920101201943, 45212704807684403718529253980146881618 4203042224370802388630498106742015835 123230422500652081508069619287940700466 133648953484532540159357005313615511682 2580115466970052377824413779761793777 84588530839763186402477802478646025540 51833963508535397449459981621271636100 132026771153464214481845140993146911102 2580115466970052377824413779761793777 119960692178130992651650641396610077611 2580115466970052377824413779761793777 119960692178130992651650641396610077611 2549148108664511025786942598993263810 4203042224370802388630498106742015835 2549148108664511025786942598993263810 2549148108664511025786942598993263810 111712328773468706068526138845079932239 119960692178130992651650641396610077611 111712328773468706068526138845079932239 123230422500652081508069619287940700466 119960692178130992651650641396610077611 84588530839763186402477802478646025540 123230422500652081508069619287940700466 133648953484532540159357005313615511682 123230422500652081508069619287940700466 119960692178130992651650641396610077611 30297096562662134881673648756922558347 2580115466970052377824413779761793777 132026771153464214481845140993146911102 92908802764493599118687281580659261558 123230422500652081508069619287940700466]
2024-11-12 18:18:10.722 [main] DEBUG com.itis.volterra.classe5a.busanellor.RSA - [121444525099591535848010456109456106027 167456643558210510539017425920101201943, 45212704807684403718529253980146881618 4203042224370802388630498106742015835 123230422500652081508069619287940700466 133648953484532540159357005313615511682 2580115466970052377824413779761793777 84588530839763186402477802478646025540 51833963508535397449459981621271636100 132026771153464214481845140993146911102 2580115466970052377824413779761793777 119960692178130992651650641396610077611 2580115466970052377824413779761793777 119960692178130992651650641396610077611 2549148108664511025786942598993263810 4203042224370802388630498106742015835 2549148108664511025786942598993263810 2549148108664511025786942598993263810 111712328773468706068526138845079932239 119960692178130992651650641396610077611 111712328773468706068526138845079932239 123230422500652081508069619287940700466 119960692178130992651650641396610077611 84588530839763186402477802478646025540 123230422500652081508069619287940700466 133648953484532540159357005313615511682 123230422500652081508069619287940700466 119960692178130992651650641396610077611 30297096562662134881673648756922558347 2580115466970052377824413779761793777 132026771153464214481845140993146911102 92908802764493599118687281580659261558 123230422500652081508069619287940700466, 84588530839763186402477802478646025540 2580115466970052377824413779761793777 111712328773468706068526138845079932239 133648953484532540159357005313615511682 120911801319481306701945528089799567554]
2024-11-12 18:18:39.014 [main] INFO  com.itis.volterra.classe5a.busanellor.Main - Choose to encrypt or decrypt
2024-11-12 18:18:39.015 [main] INFO  com.itis.volterra.classe5a.busanellor.Main - 1) Encrypt
2024-11-12 18:18:39.015 [main] INFO  com.itis.volterra.classe5a.busanellor.Main - 2) Decrypt
2024-11-12 18:18:41.661 [main] INFO  com.itis.volterra.classe5a.busanellor.Main - Encrypted message: 44424935099298057434775678136303008336 61908377989032956831020618442927672386 55146709439246853405887161645528514832 47648643544845858318175667152305569804 54951962640127042507194120620079096873 120588416049614451311706016585906198289 64600766327178122973833880852398344447 119823427679325333394333651305030615438 54951962640127042507194120620079096873 139075400851659145896770767411918402740 54951962640127042507194120620079096873 139075400851659145896770767411918402740 55835809721717741203088017955938959791 61908377989032956831020618442927672386 55835809721717741203088017955938959791 55835809721717741203088017955938959791 71244321436100879571611557422850484277 139075400851659145896770767411918402740 71244321436100879571611557422850484277 55146709439246853405887161645528514832 139075400851659145896770767411918402740 120588416049614451311706016585906198289 55146709439246853405887161645528514832 47648643544845858318175667152305569804 55146709439246853405887161645528514832 139075400851659145896770767411918402740 112621156447300832845999184830502420268 54951962640127042507194120620079096873 119823427679325333394333651305030615438 24751303409122996311405041714635463393 55146709439246853405887161645528514832 
120588416049614451311706016585906198289 54951962640127042507194120620079096873 71244321436100879571611557422850484277 47648643544845858318175667152305569804 105805321177370974672507725013347944704 

2024-11-12 18:18:50.377 [main] INFO  com.itis.volterra.classe5a.busanellor.Main - Choose to encrypt or decrypt
2024-11-12 18:18:50.378 [main] INFO  com.itis.volterra.classe5a.busanellor.Main - 1) Encrypt
2024-11-12 18:18:50.378 [main] INFO  com.itis.volterra.classe5a.busanellor.Main - 2) Decrypt
